0 info it worked if it ends with ok
1 verbose cli [ 'C:\\Program Files\\nodejs\\node.exe',
1 verbose cli   'C:\\Users\\ben.suen\\AppData\\Roaming\\npm\\node_modules\\npm\\bin\\npm-cli.js',
1 verbose cli   'run',
1 verbose cli   'start' ]
2 info using npm@3.10.5
3 info using node@v9.7.0
4 verbose run-script [ 'prestart', 'start', 'poststart' ]
5 info lifecycle react-router-redux-github-finder@1.0.0~prestart: react-router-redux-github-finder@1.0.0
6 silly lifecycle react-router-redux-github-finder@1.0.0~prestart: no script for prestart, continuing
7 info lifecycle react-router-redux-github-finder@1.0.0~start: react-router-redux-github-finder@1.0.0
8 verbose lifecycle react-router-redux-github-finder@1.0.0~start: unsafe-perm in lifecycle true
9 verbose lifecycle react-router-redux-github-finder@1.0.0~start: PATH: C:\Users\ben.suen\AppData\Roaming\npm\node_modules\npm\bin\node-gyp-bin;C:\Users\ben.suen\Documents\GitHub\starter-template\react-router-redux-github-finder\node_modules\.bin;C:\Program Files\nodejs;C:\Ruby23-x64\bin;Z:\.sys\apache2\bin;Z:\.sys\miniperl\bin;Z:\.sys\php;C:\ProgramData\Oracle\Java\javapath;C:\Ruby200-x64\bin;C:\Windows\system32;C:\Windows;C:\Windows\System32\Wbem;C:\Windows\System32\WindowsPowerShell\v1.0\;C:\Program Files (x86)\Microsoft ASP.NET\ASP.NET Web Pages\v1.0\;C:\Program Files (x86)\Windows Kits\8.0\Windows Performance Toolkit\;C:\Program Files\Microsoft SQL Server\110\Tools\Binn\;C:\Program Files (x86)\Microsoft SQL Server\100\Tools\Binn\;C:\Program Files\Microsoft SQL Server\100\Tools\Binn\;C:\Program Files\Microsoft SQL Server\100\DTS\Binn\;C:\Program Files (x86)\Microsoft SQL Server\100\Tools\Binn\VSShell\Common7\IDE\;C:\Program Files (x86)\Microsoft SQL Server\100\DTS\Binn\;C:\Program Files (x86)\Microsoft Visual Studio 9.0\Common7\IDE\PrivateAssemblies\;C:\HashiCorp\Vagrant\bin;C:\Program Files\Microsoft\Web Platform Installer\;C:\Program Files\Git\cmd;C:\Program Files (x86)\GitExtensions\;C:\Program Files (x86)\Skype\Phone\;C:\Program Files\nodejs\;C:\Users\ben.suen\AppData\Local\atom\bin;C:\Program Files (x86)\Microsoft VS Code\bin;C:\Users\ben.suen\AppData\Local\Programs\Fiddler;C:\Users\ben.suen\AppData\Roaming\npm
10 verbose lifecycle react-router-redux-github-finder@1.0.0~start: CWD: C:\Users\ben.suen\Documents\GitHub\starter-template\react-router-redux-github-finder
11 silly lifecycle react-router-redux-github-finder@1.0.0~start: Args: [ '/d /s /c',
11 silly lifecycle   'webpack-dev-server --colors --inline --content-base .' ]
12 silly lifecycle react-router-redux-github-finder@1.0.0~start: Returned: code: 3221225786  signal: null
13 info lifecycle react-router-redux-github-finder@1.0.0~start: Failed to exec start script
14 verbose stack Error: react-router-redux-github-finder@1.0.0 start: `webpack-dev-server --colors --inline --content-base .`
14 verbose stack Exit status 3221225786
14 verbose stack     at EventEmitter.<anonymous> (C:\Users\ben.suen\AppData\Roaming\npm\node_modules\npm\lib\utils\lifecycle.js:242:16)
14 verbose stack     at EventEmitter.emit (events.js:127:13)
14 verbose stack     at ChildProcess.<anonymous> (C:\Users\ben.suen\AppData\Roaming\npm\node_modules\npm\lib\utils\spawn.js:40:14)
14 verbose stack     at ChildProcess.emit (events.js:127:13)
14 verbose stack     at maybeClose (internal/child_process.js:936:16)
14 verbose stack     at Process.ChildProcess._handle.onexit (internal/child_process.js:220:5)
15 verbose pkgid react-router-redux-github-finder@1.0.0
16 verbose cwd C:\Users\ben.suen\Documents\GitHub\starter-template\react-router-redux-github-finder
17 error Windows_NT 6.1.7601
18 error argv "C:\\Program Files\\nodejs\\node.exe" "C:\\Users\\ben.suen\\AppData\\Roaming\\npm\\node_modules\\npm\\bin\\npm-cli.js" "run" "start"
19 error node v9.7.0
20 error npm  v3.10.5
21 error code ELIFECYCLE
22 error react-router-redux-github-finder@1.0.0 start: `webpack-dev-server --colors --inline --content-base .`
22 error Exit status 3221225786
23 error Failed at the react-router-redux-github-finder@1.0.0 start script 'webpack-dev-server --colors --inline --content-base .'.
23 error Make sure you have the latest version of node.js and npm installed.
23 error If you do, this is most likely a problem with the react-router-redux-github-finder package,
23 error not with npm itself.
23 error Tell the author that this fails on your system:
23 error     webpack-dev-server --colors --inline --content-base .
23 error You can get information on how to open an issue for this project with:
23 error     npm bugs react-router-redux-github-finder
23 error Or if that isn't available, you can get their info via:
23 error     npm owner ls react-router-redux-github-finder
23 error There is likely additional logging output above.
24 verbose exit [ 1, true ]
